2026-03-29 06:07:53 | INFO     | Logging to /Users/admin/Documents/MorcaLabs/thread-story-viral-video/brainrot_factory/logs/genz_kychuc.log
2026-03-29 06:07:53 | INFO     | === Brainrot Video Factory | job_id=genz_kychuc | lang=vi ===
2026-03-29 06:07:53 | INFO     | Device: mps | TTS: edge_tts
2026-03-29 06:07:53 | INFO     | Pipeline: scraper -> card_renderer -> tts_engine -> caption_sync -> meme_engine -> video_assembler
2026-03-29 06:07:53 | INFO     | [RUN ] scraper ...
2026-03-29 06:07:53 | INFO     | Scraping platform: manual
2026-03-29 06:07:53 | INFO     | Scraped 6 comments
2026-03-29 06:07:53 | SUCCESS  | [DONE] scraper
2026-03-29 06:07:53 | INFO     | [RUN ] card_renderer ...
2026-03-29 06:07:53 | INFO     | Rendering 7 cards (Threads UI style)...
2026-03-29 06:07:53 | INFO     | Fetching avatar images...
2026-03-29 06:07:55 | DEBUG    | Rendered card: output/jobs/genz_kychuc/cards/topic.png
2026-03-29 06:07:56 | DEBUG    | Rendered card: output/jobs/genz_kychuc/cards/c001.png
2026-03-29 06:07:56 | DEBUG    | Rendered card: output/jobs/genz_kychuc/cards/c002.png
2026-03-29 06:07:56 | DEBUG    | Rendered card: output/jobs/genz_kychuc/cards/c003.png
2026-03-29 06:07:56 | DEBUG    | Rendered card: output/jobs/genz_kychuc/cards/c004.png
2026-03-29 06:07:57 | DEBUG    | Rendered card: output/jobs/genz_kychuc/cards/c005.png
2026-03-29 06:07:57 | DEBUG    | Rendered card: output/jobs/genz_kychuc/cards/c006.png
2026-03-29 06:07:57 | INFO     | Rendered 7 cards to output/jobs/genz_kychuc/cards
2026-03-29 06:07:57 | SUCCESS  | [DONE] card_renderer
2026-03-29 06:07:57 | INFO     | [RUN ] tts_engine ...
2026-03-29 06:07:57 | INFO     | Starting TTS generation...
2026-03-29 06:07:57 | INFO     | TTS: topic (54 chars)
2026-03-29 06:07:59 | INFO     | TTS: c001 (160 chars)
2026-03-29 06:08:02 | DEBUG    |   -> c001: 11.8s, 39 words
2026-03-29 06:08:02 | INFO     | TTS: c002 (182 chars)
2026-03-29 06:08:06 | DEBUG    |   -> c002: 12.5s, 40 words
2026-03-29 06:08:06 | INFO     | TTS: c003 (191 chars)
2026-03-29 06:08:12 | DEBUG    |   -> c003: 12.6s, 45 words
2026-03-29 06:08:12 | INFO     | TTS: c004 (171 chars)
2026-03-29 06:08:16 | DEBUG    |   -> c004: 12.4s, 37 words
2026-03-29 06:08:16 | INFO     | TTS: c005 (182 chars)
2026-03-29 06:08:20 | DEBUG    |   -> c005: 11.1s, 40 words
2026-03-29 06:08:20 | INFO     | TTS: c006 (203 chars)
2026-03-29 06:08:23 | DEBUG    |   -> c006: 12.3s, 45 words
2026-03-29 06:08:23 | INFO     | TTS complete: 6/6 comments
2026-03-29 06:08:23 | SUCCESS  | [DONE] tts_engine
2026-03-29 06:08:23 | INFO     | [RUN ] caption_sync ...
2026-03-29 06:08:23 | INFO     | Building karaoke captions...
2026-03-29 06:08:23 | INFO     | Caption file written: output/jobs/genz_kychuc/captions/captions.ass (53 dialogue lines)
2026-03-29 06:08:23 | SUCCESS  | [DONE] caption_sync
2026-03-29 06:08:23 | INFO     | [RUN ] meme_engine ...
2026-03-29 06:08:23 | INFO     | Analyzing sentiment and selecting memes...
2026-03-29 06:08:23 | DEBUG    |   c001: NEU/neutral → meme=ket_thuc_hai_huoc.mp4
2026-03-29 06:08:23 | DEBUG    |   c002: NEU/neutral → meme=ket_thuc_hai_huoc.mp4
2026-03-29 06:08:23 | DEBUG    |   c003: POS/joy → meme=cuoi_ong_gia.mp4
2026-03-29 06:08:23 | DEBUG    |   c004: POS/surprise → meme=ngac_nhien.mp4
2026-03-29 06:08:23 | DEBUG    |   c005: NEU/neutral → meme=ket_thuc_hai_huoc.mp4
2026-03-29 06:08:23 | DEBUG    |   c006: POS/joy → meme=cuoi_ong_gia.mp4
2026-03-29 06:08:23 | INFO     | Meme/SFX assigned to 6 comments
2026-03-29 06:08:23 | SUCCESS  | [DONE] meme_engine
2026-03-29 06:08:23 | INFO     | [RUN ] video_assembler ...
2026-03-29 06:08:24 | INFO     | Building video timeline...
2026-03-29 06:08:24 | INFO     | Total video duration: 101.7s (14 segments)
2026-03-29 06:08:24 | INFO     | Output: /Users/admin/Documents/MorcaLabs/thread-story-viral-video/brainrot_factory/output/jobs/genz_kychuc/final_video.mp4
2026-03-29 06:08:24 | WARNING  | ass subtitle filter not available in this ffmpeg build — captions skipped
2026-03-29 06:08:24 | INFO     | Running FFmpeg...
2026-03-29 06:08:24 | DEBUG    | FFmpeg cmd: ffmpeg -y -stream_loop -1 -i assets/backgrounds/subway-surfer/part00.mp4 -i output/jobs/genz_kychuc/cards/topic.png -i output/jobs/genz_kychuc/cards/c001.png...
2026-03-29 06:08:56 | INFO     | Video assembled: /Users/admin/Documents/MorcaLabs/thread-story-viral-video/brainrot_factory/output/jobs/genz_kychuc/final_video.mp4 (97.9 MB, 101.7s)
2026-03-29 06:08:56 | SUCCESS  | [DONE] video_assembler
2026-03-29 06:08:56 | SUCCESS  | === Job complete! ===
2026-03-29 06:08:56 | SUCCESS  | Output: not yet produced
2026-03-29 06:08:56 | INFO     | video_config saved to: /Users/admin/Documents/MorcaLabs/thread-story-viral-video/brainrot_factory/output/jobs/genz_kychuc/video_config.json
2026-03-29 06:17:20 | INFO     | Logging to /Users/admin/Documents/MorcaLabs/thread-story-viral-video/brainrot_factory/logs/genz_kychuc.log
2026-03-29 06:17:20 | INFO     | === Brainrot Video Factory | job_id=genz_kychuc | lang=vi ===
2026-03-29 06:17:20 | INFO     | Device: mps | TTS: edge_tts
2026-03-29 06:17:20 | INFO     | Pipeline: scraper -> card_renderer -> tts_engine -> caption_sync -> meme_engine -> video_assembler
2026-03-29 06:17:20 | INFO     | [RUN ] scraper ...
2026-03-29 06:17:20 | INFO     | Scraping platform: manual
2026-03-29 06:17:20 | INFO     | Scraped 6 comments
2026-03-29 06:17:20 | SUCCESS  | [DONE] scraper
2026-03-29 06:17:20 | INFO     | [RUN ] card_renderer ...
2026-03-29 06:17:20 | INFO     | Rendering 7 cards (Threads UI style)...
2026-03-29 06:17:20 | INFO     | Fetching avatar images...
2026-03-29 06:17:22 | DEBUG    | Rendered card: output/jobs/genz_kychuc/cards/topic.png
2026-03-29 06:17:22 | DEBUG    | Rendered card: output/jobs/genz_kychuc/cards/c001.png
2026-03-29 06:17:22 | DEBUG    | Rendered card: output/jobs/genz_kychuc/cards/c002.png
2026-03-29 06:17:23 | DEBUG    | Rendered card: output/jobs/genz_kychuc/cards/c003.png
2026-03-29 06:17:23 | DEBUG    | Rendered card: output/jobs/genz_kychuc/cards/c004.png
2026-03-29 06:17:23 | DEBUG    | Rendered card: output/jobs/genz_kychuc/cards/c005.png
2026-03-29 06:17:23 | DEBUG    | Rendered card: output/jobs/genz_kychuc/cards/c006.png
2026-03-29 06:17:23 | INFO     | Rendered 7 cards to output/jobs/genz_kychuc/cards
2026-03-29 06:17:23 | SUCCESS  | [DONE] card_renderer
2026-03-29 06:17:23 | INFO     | [RUN ] tts_engine ...
2026-03-29 06:17:23 | INFO     | Starting TTS generation...
2026-03-29 06:17:23 | INFO     | TTS: topic (51 chars)
2026-03-29 06:17:25 | INFO     | TTS: c001 (158 chars)
2026-03-29 06:17:29 | DEBUG    |   -> c001: 11.4s, 38 words
2026-03-29 06:17:29 | INFO     | TTS: c002 (180 chars)
2026-03-29 06:17:32 | DEBUG    |   -> c002: 12.0s, 39 words
2026-03-29 06:17:32 | INFO     | TTS: c003 (189 chars)
2026-03-29 06:17:35 | DEBUG    |   -> c003: 12.2s, 44 words
2026-03-29 06:17:35 | INFO     | TTS: c004 (168 chars)
2026-03-29 06:17:38 | DEBUG    |   -> c004: 11.0s, 35 words
2026-03-29 06:17:38 | INFO     | TTS: c005 (180 chars)
2026-03-29 06:17:41 | DEBUG    |   -> c005: 10.6s, 39 words
2026-03-29 06:17:41 | INFO     | TTS: c006 (201 chars)
2026-03-29 06:17:44 | DEBUG    |   -> c006: 12.0s, 44 words
2026-03-29 06:17:44 | INFO     | TTS complete: 6/6 comments
2026-03-29 06:17:44 | SUCCESS  | [DONE] tts_engine
2026-03-29 06:17:44 | INFO     | [RUN ] caption_sync ...
2026-03-29 06:17:44 | INFO     | Building karaoke captions...
2026-03-29 06:17:44 | INFO     | Caption file written: output/jobs/genz_kychuc/captions/captions.ass (52 dialogue lines)
2026-03-29 06:17:44 | SUCCESS  | [DONE] caption_sync
2026-03-29 06:17:44 | INFO     | [RUN ] meme_engine ...
2026-03-29 06:17:44 | INFO     | Analyzing sentiment and selecting memes...
2026-03-29 06:17:44 | DEBUG    |   c001: NEU/neutral → meme=ket_thuc_hai_huoc.mp4
2026-03-29 06:17:44 | DEBUG    |   c002: NEU/neutral → meme=ket_thuc_hai_huoc.mp4
2026-03-29 06:17:44 | DEBUG    |   c003: POS/joy → meme=cuoi_ong_gia.mp4
2026-03-29 06:17:44 | DEBUG    |   c004: POS/surprise → meme=ngac_nhien.mp4
2026-03-29 06:17:44 | DEBUG    |   c005: NEU/neutral → meme=ket_thuc_hai_huoc.mp4
2026-03-29 06:17:44 | DEBUG    |   c006: POS/joy → meme=cuoi_ong_gia.mp4
2026-03-29 06:17:44 | INFO     | Meme/SFX assigned to 6 comments
2026-03-29 06:17:44 | SUCCESS  | [DONE] meme_engine
2026-03-29 06:17:44 | INFO     | [RUN ] video_assembler ...
2026-03-29 06:17:44 | INFO     | Building video timeline...
2026-03-29 06:17:44 | INFO     | Total video duration: 97.0s (14 segments)
2026-03-29 06:17:44 | INFO     | Output: /Users/admin/Documents/MorcaLabs/thread-story-viral-video/brainrot_factory/output/jobs/genz_kychuc/final_video.mp4
2026-03-29 06:17:44 | WARNING  | ass subtitle filter not available in this ffmpeg build — captions skipped
2026-03-29 06:17:44 | INFO     | Running FFmpeg...
2026-03-29 06:17:44 | DEBUG    | FFmpeg cmd: ffmpeg -y -stream_loop -1 -i assets/backgrounds/subway-surfer/part00.mp4 -i output/jobs/genz_kychuc/cards/topic.png -i output/jobs/genz_kychuc/cards/c001.png...
2026-03-29 06:18:31 | INFO     | Video assembled: /Users/admin/Documents/MorcaLabs/thread-story-viral-video/brainrot_factory/output/jobs/genz_kychuc/final_video.mp4 (93.8 MB, 97.0s)
2026-03-29 06:18:31 | SUCCESS  | [DONE] video_assembler
2026-03-29 06:18:31 | SUCCESS  | === Job complete! ===
2026-03-29 06:18:31 | SUCCESS  | Output: not yet produced
2026-03-29 06:18:31 | INFO     | video_config saved to: /Users/admin/Documents/MorcaLabs/thread-story-viral-video/brainrot_factory/output/jobs/genz_kychuc/video_config.json
2026-03-29 06:21:43 | INFO     | Logging to /Users/admin/Documents/MorcaLabs/thread-story-viral-video/brainrot_factory/logs/genz_kychuc.log
2026-03-29 06:21:43 | INFO     | === Brainrot Video Factory | job_id=genz_kychuc | lang=vi ===
2026-03-29 06:21:43 | INFO     | Device: mps | TTS: edge_tts
2026-03-29 06:21:43 | INFO     | Pipeline: scraper -> card_renderer -> tts_engine -> caption_sync -> meme_engine -> video_assembler
2026-03-29 06:21:43 | INFO     | [RUN ] scraper ...
2026-03-29 06:21:43 | INFO     | Scraping platform: manual
2026-03-29 06:21:43 | INFO     | Scraped 6 comments
2026-03-29 06:21:43 | SUCCESS  | [DONE] scraper
2026-03-29 06:21:43 | INFO     | [RUN ] card_renderer ...
2026-03-29 06:21:43 | INFO     | Rendering 7 cards (Threads UI style)...
2026-03-29 06:21:43 | INFO     | Fetching avatar images...
2026-03-29 06:21:45 | DEBUG    | Rendered card: output/jobs/genz_kychuc/cards/topic.png
2026-03-29 06:21:45 | DEBUG    | Rendered card: output/jobs/genz_kychuc/cards/c001.png
2026-03-29 06:21:46 | DEBUG    | Rendered card: output/jobs/genz_kychuc/cards/c002.png
2026-03-29 06:21:46 | DEBUG    | Rendered card: output/jobs/genz_kychuc/cards/c003.png
2026-03-29 06:21:46 | DEBUG    | Rendered card: output/jobs/genz_kychuc/cards/c004.png
2026-03-29 06:21:46 | DEBUG    | Rendered card: output/jobs/genz_kychuc/cards/c005.png
2026-03-29 06:21:47 | DEBUG    | Rendered card: output/jobs/genz_kychuc/cards/c006.png
2026-03-29 06:21:47 | INFO     | Rendered 7 cards to output/jobs/genz_kychuc/cards
2026-03-29 06:21:47 | SUCCESS  | [DONE] card_renderer
2026-03-29 06:21:47 | INFO     | [RUN ] tts_engine ...
2026-03-29 06:21:47 | INFO     | Starting TTS generation...
2026-03-29 06:21:47 | INFO     | TTS: topic (56 chars)
2026-03-29 06:21:48 | INFO     | TTS: c001 (229 chars)
2026-03-29 06:21:55 | DEBUG    |   -> c001: 17.3s, 53 words
2026-03-29 06:21:55 | INFO     | TTS: c002 (279 chars)
2026-03-29 06:21:59 | DEBUG    |   -> c002: 18.1s, 60 words
2026-03-29 06:21:59 | INFO     | TTS: c003 (248 chars)
2026-03-29 06:22:03 | DEBUG    |   -> c003: 17.8s, 56 words
2026-03-29 06:22:03 | INFO     | TTS: c004 (266 chars)
2026-03-29 06:22:07 | DEBUG    |   -> c004: 17.2s, 57 words
2026-03-29 06:22:07 | INFO     | TTS: c005 (302 chars)
2026-03-29 06:22:11 | DEBUG    |   -> c005: 18.1s, 65 words
2026-03-29 06:22:11 | INFO     | TTS: c006 (317 chars)
2026-03-29 06:22:16 | DEBUG    |   -> c006: 22.3s, 72 words
2026-03-29 06:22:16 | INFO     | TTS complete: 6/6 comments
2026-03-29 06:22:16 | SUCCESS  | [DONE] tts_engine
2026-03-29 06:22:16 | INFO     | [RUN ] caption_sync ...
2026-03-29 06:22:16 | INFO     | Building karaoke captions...
2026-03-29 06:22:16 | INFO     | Caption file written: output/jobs/genz_kychuc/captions/captions.ass (78 dialogue lines)
2026-03-29 06:22:16 | SUCCESS  | [DONE] caption_sync
2026-03-29 06:22:16 | INFO     | [RUN ] meme_engine ...
2026-03-29 06:22:16 | INFO     | Analyzing sentiment and selecting memes...
2026-03-29 06:22:16 | DEBUG    |   c001: NEU/neutral → meme=ket_thuc_hai_huoc.mp4
2026-03-29 06:22:16 | DEBUG    |   c002: NEU/neutral → meme=ket_thuc_hai_huoc.mp4
2026-03-29 06:22:16 | DEBUG    |   c003: POS/surprise → meme=ngac_nhien.mp4
2026-03-29 06:22:16 | DEBUG    |   c004: POS/joy → meme=cuoi_ong_gia.mp4
2026-03-29 06:22:16 | DEBUG    |   c005: POS/joy → meme=cuoi_ong_gia.mp4
2026-03-29 06:22:16 | DEBUG    |   c006: POS/joy → meme=cuoi_ong_gia.mp4
2026-03-29 06:22:16 | INFO     | Meme/SFX assigned to 6 comments
2026-03-29 06:22:16 | SUCCESS  | [DONE] meme_engine
2026-03-29 06:22:16 | INFO     | [RUN ] video_assembler ...
2026-03-29 06:22:16 | INFO     | Building video timeline...
2026-03-29 06:22:16 | INFO     | Total video duration: 138.9s (14 segments)
2026-03-29 06:22:16 | INFO     | Output: /Users/admin/Documents/MorcaLabs/thread-story-viral-video/brainrot_factory/output/jobs/genz_kychuc/final_video.mp4
2026-03-29 06:22:17 | WARNING  | ass subtitle filter not available in this ffmpeg build — captions skipped
2026-03-29 06:22:17 | INFO     | Running FFmpeg...
2026-03-29 06:22:17 | DEBUG    | FFmpeg cmd: ffmpeg -y -stream_loop -1 -i assets/backgrounds/subway-surfer/part00.mp4 -i output/jobs/genz_kychuc/cards/topic.png -i output/jobs/genz_kychuc/cards/c001.png...
2026-03-29 06:23:22 | INFO     | Video assembled: /Users/admin/Documents/MorcaLabs/thread-story-viral-video/brainrot_factory/output/jobs/genz_kychuc/final_video.mp4 (135.0 MB, 138.9s)
2026-03-29 06:23:22 | SUCCESS  | [DONE] video_assembler
2026-03-29 06:23:22 | SUCCESS  | === Job complete! ===
2026-03-29 06:23:22 | SUCCESS  | Output: not yet produced
2026-03-29 06:23:22 | INFO     | video_config saved to: /Users/admin/Documents/MorcaLabs/thread-story-viral-video/brainrot_factory/output/jobs/genz_kychuc/video_config.json
2026-03-29 06:33:52 | INFO     | Logging to /Users/admin/Documents/MorcaLabs/thread-story-viral-video/brainrot_factory/logs/genz_kychuc.log
2026-03-29 06:33:52 | INFO     | === Brainrot Video Factory | job_id=genz_kychuc | lang=vi ===
2026-03-29 06:33:52 | INFO     | Device: mps | TTS: edge_tts
2026-03-29 06:33:52 | INFO     | Pipeline: scraper -> card_renderer -> tts_engine -> caption_sync -> meme_engine -> video_assembler
2026-03-29 06:33:52 | INFO     | [SKIP] scraper (already completed)
2026-03-29 06:33:52 | INFO     | [SKIP] card_renderer (already completed)
2026-03-29 06:33:52 | INFO     | [SKIP] tts_engine (already completed)
2026-03-29 06:33:52 | INFO     | [SKIP] caption_sync (already completed)
2026-03-29 06:33:52 | INFO     | [SKIP] meme_engine (already completed)
2026-03-29 06:33:52 | INFO     | [RUN ] video_assembler ...
2026-03-29 06:33:52 | INFO     | Building video timeline...
2026-03-29 06:33:52 | INFO     | Total video duration: 138.9s (14 segments)
2026-03-29 06:33:52 | INFO     | Output: /Users/admin/Documents/MorcaLabs/thread-story-viral-video/brainrot_factory/output/jobs/genz_kychuc/final_video.mp4
2026-03-29 06:33:52 | WARNING  | ass subtitle filter not available in this ffmpeg build — captions skipped
2026-03-29 06:33:52 | INFO     | Running FFmpeg...
2026-03-29 06:33:52 | DEBUG    | FFmpeg cmd: ffmpeg -y -stream_loop -1 -i assets/backgrounds/subway-surfer/part00.mp4 -i output/jobs/genz_kychuc/cards/topic.png -i output/jobs/genz_kychuc/cards/c001.png...
2026-03-29 06:34:56 | INFO     | Video assembled: /Users/admin/Documents/MorcaLabs/thread-story-viral-video/brainrot_factory/output/jobs/genz_kychuc/final_video.mp4 (135.0 MB, 138.9s)
2026-03-29 06:34:56 | SUCCESS  | [DONE] video_assembler
2026-03-29 06:34:56 | SUCCESS  | === Job complete! ===
2026-03-29 06:34:56 | SUCCESS  | Output: not yet produced
2026-03-29 06:34:56 | INFO     | video_config saved to: /Users/admin/Documents/MorcaLabs/thread-story-viral-video/brainrot_factory/output/jobs/genz_kychuc/video_config.json
2026-03-29 06:43:03 | INFO     | Logging to /Users/admin/Documents/MorcaLabs/thread-story-viral-video/brainrot_factory/logs/genz_kychuc.log
2026-03-29 06:43:03 | INFO     | === Brainrot Video Factory | job_id=genz_kychuc | lang=vi ===
2026-03-29 06:43:03 | INFO     | Device: mps | TTS: edge_tts
2026-03-29 06:43:03 | INFO     | Pipeline: scraper -> card_renderer -> tts_engine -> caption_sync -> meme_engine -> video_assembler
2026-03-29 06:43:03 | INFO     | [SKIP] scraper (already completed)
2026-03-29 06:43:03 | INFO     | [SKIP] card_renderer (already completed)
2026-03-29 06:43:03 | INFO     | [SKIP] tts_engine (already completed)
2026-03-29 06:43:03 | INFO     | [SKIP] caption_sync (already completed)
2026-03-29 06:43:03 | INFO     | [SKIP] meme_engine (already completed)
2026-03-29 06:43:03 | INFO     | [RUN ] video_assembler ...
2026-03-29 06:43:03 | INFO     | Building video timeline...
2026-03-29 06:43:03 | INFO     | Total video duration: 138.9s (14 segments)
2026-03-29 06:43:03 | INFO     | Output: /Users/admin/Documents/MorcaLabs/thread-story-viral-video/brainrot_factory/output/jobs/genz_kychuc/final_video.mp4
2026-03-29 06:43:03 | WARNING  | ass subtitle filter not available in this ffmpeg build — captions skipped
2026-03-29 06:43:03 | INFO     | Running FFmpeg...
2026-03-29 06:43:03 | DEBUG    | FFmpeg cmd: ffmpeg -y -stream_loop -1 -i assets/backgrounds/subway-surfer/part00.mp4 -loop 1 -i /var/folders/qp/w_r679sn3yxc7mqsvj5bh_km0000gn/T/tmp9glzmsu2/brand_watermark.png...
2026-03-29 06:43:25 | INFO     | Video assembled: /Users/admin/Documents/MorcaLabs/thread-story-viral-video/brainrot_factory/output/jobs/genz_kychuc/final_video.mp4 (134.8 MB, 138.9s)
2026-03-29 06:43:25 | SUCCESS  | [DONE] video_assembler
2026-03-29 06:43:25 | SUCCESS  | === Job complete! ===
2026-03-29 06:43:25 | SUCCESS  | Output: not yet produced
2026-03-29 06:43:25 | INFO     | video_config saved to: /Users/admin/Documents/MorcaLabs/thread-story-viral-video/brainrot_factory/output/jobs/genz_kychuc/video_config.json
2026-03-29 06:52:10 | INFO     | Logging to /Users/admin/Documents/MorcaLabs/thread-story-viral-video/brainrot_factory/logs/genz_kychuc.log
2026-03-29 06:52:10 | INFO     | === Brainrot Video Factory | job_id=genz_kychuc | lang=vi ===
2026-03-29 06:52:10 | INFO     | Device: mps | TTS: edge_tts
2026-03-29 06:52:10 | INFO     | Pipeline: scraper -> card_renderer -> tts_engine -> caption_sync -> meme_engine -> video_assembler
2026-03-29 06:52:10 | INFO     | [SKIP] scraper (already completed)
2026-03-29 06:52:10 | INFO     | [SKIP] card_renderer (already completed)
2026-03-29 06:52:10 | INFO     | [SKIP] tts_engine (already completed)
2026-03-29 06:52:10 | INFO     | [SKIP] caption_sync (already completed)
2026-03-29 06:52:10 | INFO     | [SKIP] meme_engine (already completed)
2026-03-29 06:52:10 | INFO     | [RUN ] video_assembler ...
2026-03-29 06:52:10 | INFO     | Building video timeline...
2026-03-29 06:52:10 | INFO     | Total video duration: 135.3s (14 segments)
2026-03-29 06:52:10 | INFO     | Output: /Users/admin/Documents/MorcaLabs/thread-story-viral-video/brainrot_factory/output/jobs/genz_kychuc/final_video.mp4
2026-03-29 06:52:10 | WARNING  | ass subtitle filter not available in this ffmpeg build — captions skipped
2026-03-29 06:52:10 | INFO     | Running FFmpeg...
2026-03-29 06:52:10 | DEBUG    | FFmpeg cmd: ffmpeg -y -stream_loop -1 -i assets/backgrounds/subway-surfer/part00.mp4 -loop 1 -i /var/folders/qp/w_r679sn3yxc7mqsvj5bh_km0000gn/T/tmptiwndokx/brand_watermark.png...
2026-03-29 06:52:32 | INFO     | Video assembled: /Users/admin/Documents/MorcaLabs/thread-story-viral-video/brainrot_factory/output/jobs/genz_kychuc/final_video.mp4 (131.8 MB, 135.3s)
2026-03-29 06:52:32 | SUCCESS  | [DONE] video_assembler
2026-03-29 06:52:32 | SUCCESS  | === Job complete! ===
2026-03-29 06:52:32 | SUCCESS  | Output: not yet produced
2026-03-29 06:52:32 | INFO     | video_config saved to: /Users/admin/Documents/MorcaLabs/thread-story-viral-video/brainrot_factory/output/jobs/genz_kychuc/video_config.json
2026-03-29 06:54:26 | INFO     | Logging to /Users/admin/Documents/MorcaLabs/thread-story-viral-video/brainrot_factory/logs/genz_kychuc.log
2026-03-29 06:54:26 | INFO     | === Brainrot Video Factory | job_id=genz_kychuc | lang=vi ===
2026-03-29 06:54:26 | INFO     | Device: mps | TTS: edge_tts
2026-03-29 06:54:26 | INFO     | Pipeline: scraper -> card_renderer -> tts_engine -> caption_sync -> meme_engine -> video_assembler
2026-03-29 06:54:26 | INFO     | [SKIP] scraper (already completed)
2026-03-29 06:54:26 | INFO     | [SKIP] card_renderer (already completed)
2026-03-29 06:54:26 | INFO     | [SKIP] tts_engine (already completed)
2026-03-29 06:54:26 | INFO     | [SKIP] caption_sync (already completed)
2026-03-29 06:54:26 | INFO     | [SKIP] meme_engine (already completed)
2026-03-29 06:54:26 | INFO     | [RUN ] video_assembler ...
2026-03-29 06:54:26 | INFO     | Building video timeline...
2026-03-29 06:54:26 | INFO     | Total video duration: 135.3s (14 segments)
2026-03-29 06:54:26 | INFO     | Output: /Users/admin/Documents/MorcaLabs/thread-story-viral-video/brainrot_factory/output/jobs/genz_kychuc/final_video.mp4
2026-03-29 06:54:26 | WARNING  | ass subtitle filter not available in this ffmpeg build — captions skipped
2026-03-29 06:54:26 | INFO     | Running FFmpeg...
2026-03-29 06:54:26 | DEBUG    | FFmpeg cmd: ffmpeg -y -stream_loop -1 -i assets/backgrounds/subway-surfer/part00.mp4 -loop 1 -i /var/folders/qp/w_r679sn3yxc7mqsvj5bh_km0000gn/T/tmpcfjzhssf/brand_watermark.png...
2026-03-29 06:54:47 | INFO     | Video assembled: /Users/admin/Documents/MorcaLabs/thread-story-viral-video/brainrot_factory/output/jobs/genz_kychuc/final_video.mp4 (131.8 MB, 135.3s)
2026-03-29 06:54:47 | SUCCESS  | [DONE] video_assembler
2026-03-29 06:54:47 | SUCCESS  | === Job complete! ===
2026-03-29 06:54:47 | SUCCESS  | Output: not yet produced
2026-03-29 06:54:47 | INFO     | video_config saved to: /Users/admin/Documents/MorcaLabs/thread-story-viral-video/brainrot_factory/output/jobs/genz_kychuc/video_config.json
2026-03-29 06:58:47 | INFO     | Logging to /Users/admin/Documents/MorcaLabs/thread-story-viral-video/brainrot_factory/logs/genz_kychuc.log
2026-03-29 06:58:47 | INFO     | === Brainrot Video Factory | job_id=genz_kychuc | lang=vi ===
2026-03-29 06:58:47 | INFO     | Device: mps | TTS: edge_tts
2026-03-29 06:58:47 | INFO     | Pipeline: scraper -> card_renderer -> tts_engine -> caption_sync -> meme_engine -> video_assembler
2026-03-29 06:58:47 | INFO     | [SKIP] scraper (already completed)
2026-03-29 06:58:47 | INFO     | [SKIP] card_renderer (already completed)
2026-03-29 06:58:47 | INFO     | [SKIP] tts_engine (already completed)
2026-03-29 06:58:47 | INFO     | [SKIP] caption_sync (already completed)
2026-03-29 06:58:47 | INFO     | [SKIP] meme_engine (already completed)
2026-03-29 06:58:47 | INFO     | [RUN ] video_assembler ...
2026-03-29 06:58:47 | INFO     | Building video timeline...
2026-03-29 06:58:47 | INFO     | Total video duration: 135.3s (14 segments)
2026-03-29 06:58:47 | INFO     | Output: /Users/admin/Documents/MorcaLabs/thread-story-viral-video/brainrot_factory/output/jobs/genz_kychuc/final_video.mp4
2026-03-29 06:58:47 | WARNING  | ass subtitle filter not available in this ffmpeg build — captions skipped
2026-03-29 06:58:47 | INFO     | Running FFmpeg...
2026-03-29 06:58:47 | DEBUG    | FFmpeg cmd: ffmpeg -y -stream_loop -1 -i assets/backgrounds/subway-surfer/part00.mp4 -loop 1 -i /var/folders/qp/w_r679sn3yxc7mqsvj5bh_km0000gn/T/tmp1nn7_pwc/brand_watermark.png...
2026-03-29 06:59:09 | INFO     | Video assembled: /Users/admin/Documents/MorcaLabs/thread-story-viral-video/brainrot_factory/output/jobs/genz_kychuc/final_video.mp4 (131.8 MB, 135.3s)
2026-03-29 06:59:09 | SUCCESS  | [DONE] video_assembler
2026-03-29 06:59:09 | SUCCESS  | === Job complete! ===
2026-03-29 06:59:09 | SUCCESS  | Output: not yet produced
2026-03-29 06:59:09 | INFO     | video_config saved to: /Users/admin/Documents/MorcaLabs/thread-story-viral-video/brainrot_factory/output/jobs/genz_kychuc/video_config.json
